<?xml version="1.0" encoding="UTF-8"?>
<testsuite name="alglin.PruebaMatriz" tests="8" skipped="0" failures="0" errors="0" timestamp="2019-10-18T01:36:15" hostname="xkary-TP501UQ" time="0.14">
  <properties/>
  <testcase name="probarToString()" classname="alglin.PruebaMatriz" time="0.049"/>
  <testcase name="probarEliminarColumna()" classname="alglin.PruebaMatriz" time="0.023"/>
  <testcase name="probarSuma()" classname="alglin.PruebaMatriz" time="0.006"/>
  <testcase name="probarConstructor()" classname="alglin.PruebaMatriz" time="0.01"/>
  <testcase name="probarObtenerYAsignar()" classname="alglin.PruebaMatriz" time="0.008"/>
  <testcase name="probarEliminarFila()" classname="alglin.PruebaMatriz" time="0.007"/>
  <testcase name="probarEscalar()" classname="alglin.PruebaMatriz" time="0.004"/>
  <testcase name="probarDeterminante()" classname="alglin.PruebaMatriz" time="0.024"/>
  <system-out><![CDATA[]]></system-out>
  <system-err><![CDATA[]]></system-err>
</testsuite>
